<?xml version="1.0" encoding="UTF-8"?>
<testsuite xmlns:xsi="http://www.w3.org/2001/XMLSchema-instance" xsi:noNamespaceSchemaLocation="https://maven.apache.org/surefire/maven-surefire-plugin/xsd/surefire-test-report.xsd" version="3.0.2" name="de.equipli.InventoryItemResourceTest" time="23.665" tests="4" errors="0" skipped="0" failures="1">
  <properties>
[...]
</properties>
  <testcase name="testDeleteInventoryItem" classname="de.equipli.InventoryItemResourceTest" time="2.519">
    <system-out><![CDATA[2024-11-05 20:18:43,363 INFO  [org.tes.DockerClientFactory] (build-24) Testcontainers version: 1.20.1
2024-11-05 20:18:43,604 INFO  [org.tes.doc.DockerClientProviderStrategy] (build-24) Loaded org.testcontainers.dockerclient.UnixSocketClientProviderStrategy from ~/.testcontainers.properties, will try it first
2024-11-05 20:18:44,031 INFO  [org.tes.doc.DockerClientProviderStrategy] (build-24) Found Docker environment with local Unix socket (unix:///var/run/docker.sock)
2024-11-05 20:18:44,033 INFO  [org.tes.DockerClientFactory] (build-24) Docker host IP address is localhost
2024-11-05 20:18:44,045 INFO  [org.tes.DockerClientFactory] (build-24) Connected to docker: 
  Server Version: 27.2.0
  API Version: 1.47
  Operating System: Docker Desktop
  Total Memory: 3913 MB
2024-11-05 20:18:44,062 INFO  [org.tes.ima.PullPolicy] (build-24) Image pull policy will be performed by: DefaultPullPolicy()
2024-11-05 20:18:44,064 INFO  [org.tes.uti.ImageNameSubstitutor] (build-24) Image name substitution will be performed by: DefaultImageNameSubstitutor (composite of 'ConfigurationFileImageNameSubstitutor' and 'PrefixingImageNameSubstitutor')
2024-11-05 20:18:44,072 INFO  [org.tes.DockerClientFactory] (build-24) Checking the system...
2024-11-05 20:18:44,072 INFO  [org.tes.DockerClientFactory] (build-24) ✔︎ Docker server version should be at least 1.6.0
2024-11-05 20:18:49,636 INFO  [tc.doc.io/postgres:14] (build-24) Creating container for image: docker.io/postgres:14
2024-11-05 20:18:49,984 INFO  [org.tes.uti.RegistryAuthLocator] (build-24) Credential helper/store (docker-credential-desktop) does not have credentials for docker.io
2024-11-05 20:18:49,999 WARN  [tc.doc.io/postgres:14] (build-24) Reuse was requested but the environment does not support the reuse of containers
To enable reuse of containers, you must set 'testcontainers.reuse.enable=true' in a file located at /Users/janniknu/.testcontainers.properties
2024-11-05 20:18:50,001 INFO  [tc.tes.8.1] (build-24) Creating container for image: testcontainers/ryuk:0.8.1
2024-11-05 20:18:50,088 INFO  [org.tes.uti.RegistryAuthLocator] (build-24) Credential helper/store (docker-credential-desktop) does not have credentials for https://index.docker.io/v1/
2024-11-05 20:18:50,299 INFO  [tc.tes.8.1] (build-24) Container testcontainers/ryuk:0.8.1 is starting: 6a8a8bec3d178844929c615aafb943711d3915eb1bf52e1e1acf96f61f41783c
2024-11-05 20:18:51,117 INFO  [tc.tes.8.1] (build-24) Container testcontainers/ryuk:0.8.1 started in PT1.115737S
2024-11-05 20:18:51,366 INFO  [tc.doc.io/postgres:14] (build-24) Container docker.io/postgres:14 is starting: 5fad3ee6a4e10997f1e5aabcd6d76e43503145e079bc3c9cf3e125897b73cd00
2024-11-05 20:18:56,506 INFO  [tc.doc.io/postgres:14] (build-24) Container docker.io/postgres:14 started in PT6.869309S
2024-11-05 20:18:56,509 INFO  [tc.doc.io/postgres:14] (build-24) Container is started (JDBC URL: jdbc:postgresql://localhost:61486/quarkus?loggerLevel=OFF)
2024-11-05 20:18:56,510 INFO  [io.qua.dev.pos.dep.PostgresqlDevServicesProcessor] (build-24) Dev Services for PostgreSQL started.
2024-11-05 20:18:56,516 INFO  [io.qua.dat.dep.dev.DevServicesDatasourceProcessor] (build-24) Dev Services for default datasource (postgresql) started - container ID is 5fad3ee6a4e1
2024-11-05 20:18:56,530 INFO  [io.qua.hib.orm.dep.dev.HibernateOrmDevServicesProcessor] (build-2) Setting quarkus.hibernate-orm.database.generation=drop-and-create to initialize Dev Services managed database
2024-11-05 20:18:59,996 INFO  [io.quarkus] (main) inventoryitem-service 1.0.0-SNAPSHOT on JVM (powered by Quarkus 3.15.1) started in 18.147s. Listening on: http://localhost:8081
2024-11-05 20:18:59,998 INFO  [io.quarkus] (main) Profile test activated. 
2024-11-05 20:18:59,998 INFO  [io.quarkus] (main) Installed features: [agroal, cdi, hibernate-orm, hibernate-orm-panache, jdbc-postgresql, narayana-jta, rest, rest-jackson, smallrye-context-propagation, smallrye-health, smallrye-openapi, swagger-ui, vertx]
]]></system-out>
  </testcase>
  <testcase name="testPutInventoryItems" classname="de.equipli.InventoryItemResourceTest" time="0.077"/>
  <testcase name="testAddInventoryItem" classname="de.equipli.InventoryItemResourceTest" time="0.051">
    <failure message="1 expectation failed.&#10;JSON path photo doesn&apos;t match.&#10;Expected: is &quot;https://www.thi.de/fileadmin/daten/allgemein/Inhalte_von_alter_Website/thi_logo_wb_RGB_office_DIN_A4.jpg&quot;&#10;  Actual: null&#10;" type="java.lang.AssertionError"><![CDATA[java.lang.AssertionError: 
1 expectation failed.
JSON path photo doesn't match.
Expected: is "https://www.thi.de/fileadmin/daten/allgemein/Inhalte_von_alter_Website/thi_logo_wb_RGB_office_DIN_A4.jpg"
  Actual: null

	at java.base/jdk.internal.reflect.DirectConstructorHandleAccessor.newInstance(DirectConstructorHandleAccessor.java:62)
	at java.base/java.lang.reflect.Constructor.newInstanceWithCaller(Constructor.java:502)
	at java.base/java.lang.reflect.Constructor.newInstance(Constructor.java:486)
	at org.codehaus.groovy.reflection.CachedConstructor.invoke(CachedConstructor.java:73)
	at org.codehaus.groovy.runtime.callsite.ConstructorSite$ConstructorSiteNoUnwrapNoCoerce.callConstructor(ConstructorSite.java:108)
	at org.codehaus.groovy.runtime.callsite.CallSiteArray.defaultCallConstructor(CallSiteArray.java:57)
	at org.codehaus.groovy.runtime.callsite.AbstractCallSite.callConstructor(AbstractCallSite.java:263)
	at org.codehaus.groovy.runtime.callsite.AbstractCallSite.callConstructor(AbstractCallSite.java:277)
	at io.restassured.internal.ResponseSpecificationImpl$HamcrestAssertionClosure.validate(ResponseSpecificationImpl.groovy:512)
	at io.restassured.internal.ResponseSpecificationImpl$HamcrestAssertionClosure$validate$1.call(Unknown Source)
	at io.restassured.internal.ResponseSpecificationImpl.validateResponseIfRequired(ResponseSpecificationImpl.groovy:696)
	at io.restassured.internal.ResponseSpecificationImpl.this$2$validateResponseIfRequired(ResponseSpecificationImpl.groovy)
	at java.base/jdk.internal.reflect.DirectMethodHandleAccessor.invoke(DirectMethodHandleAccessor.java:103)
	at java.base/java.lang.reflect.Method.invoke(Method.java:580)
	at org.codehaus.groovy.runtime.callsite.PlainObjectMetaMethodSite.doInvoke(PlainObjectMetaMethodSite.java:43)
	at org.codehaus.groovy.runtime.callsite.PogoMetaMethodSite$PogoCachedMethodSiteNoUnwrapNoCoerce.invoke(PogoMetaMethodSite.java:198)
	at org.codehaus.groovy.runtime.callsite.PogoMetaMethodSite.callCurrent(PogoMetaMethodSite.java:62)
	at org.codehaus.groovy.runtime.callsite.AbstractCallSite.callCurrent(AbstractCallSite.java:185)
	at io.restassured.internal.ResponseSpecificationImpl.body(ResponseSpecificationImpl.groovy:270)
	at io.restassured.specification.ResponseSpecification$body$1.callCurrent(Unknown Source)
	at io.restassured.internal.ResponseSpecificationImpl.body(ResponseSpecificationImpl.groovy:117)
	at io.restassured.internal.ValidatableResponseOptionsImpl.body(ValidatableResponseOptionsImpl.java:244)
	at de.equipli.InventoryItemResourceTest.testAddInventoryItem(InventoryItemResourceTest.java:37)
	at java.base/java.lang.reflect.Method.invoke(Method.java:580)
	at io.quarkus.test.junit.QuarkusTestExtension.runExtensionMethod(QuarkusTestExtension.java:973)
	at io.quarkus.test.junit.QuarkusTestExtension.interceptTestMethod(QuarkusTestExtension.java:823)
	at java.base/java.util.ArrayList.forEach(ArrayList.java:1596)
	at java.base/java.util.ArrayList.forEach(ArrayList.java:1596)
]]></failure>
  </testcase>
  <testcase name="testGetInventoryItems" classname="de.equipli.InventoryItemResourceTest" time="0.2"/>
</testsuite>